400 POST /signup Wed, 03 Sep 2025 08:54:01 GMT 60 - 77.822 ms
400 POST /signup Wed, 03 Sep 2025 08:54:13 GMT 60 - 16.618 ms
400 POST /signup Wed, 03 Sep 2025 08:54:16 GMT 60 - 24.855 ms
500 POST /signup Sun, 16 Nov 2025 06:35:31 GMT 68 - 104.058 ms
500 POST /signup Sun, 16 Nov 2025 06:35:45 GMT 68 - 26.452 ms
400 POST /signup Mon, 17 Nov 2025 06:01:48 GMT 80 - 471.116 ms
200 POST /signup Mon, 17 Nov 2025 06:02:41 GMT 150 - 216.062 ms
400 POST /signup Mon, 17 Nov 2025 07:34:47 GMT 95 - 89.388 ms
200 POST /signup Mon, 17 Nov 2025 07:34:51 GMT 155 - 187.819 ms
200 POST /signup Mon, 17 Nov 2025 07:34:55 GMT 160 - 124.843 ms
400 POST /signup Mon, 17 Nov 2025 07:35:15 GMT 57 - 37.894 ms
500 POST /login Mon, 17 Nov 2025 07:35:46 GMT 68 - 63.274 ms
200 POST /login Mon, 17 Nov 2025 07:37:43 GMT 160 - 225.983 ms
500 GET /logout Mon, 17 Nov 2025 07:37:59 GMT 68 - 82.326 ms
500 PATCH /user Mon, 17 Nov 2025 07:39:10 GMT 68 - 57.954 ms
200 POST /login Mon, 17 Nov 2025 07:40:39 GMT 160 - 116.477 ms
500 PATCH /user Mon, 17 Nov 2025 07:40:59 GMT 68 - 30.182 ms
500 PATCH /user Mon, 17 Nov 2025 07:41:38 GMT 68 - 162.660 ms
500 PATCH /user Mon, 17 Nov 2025 07:42:46 GMT 68 - 74.200 ms
500 PATCH /user Mon, 17 Nov 2025 07:43:16 GMT 68 - 153.173 ms
500 PATCH /user Mon, 17 Nov 2025 07:44:04 GMT 68 - 158.421 ms
500 PATCH /user Mon, 17 Nov 2025 07:44:45 GMT 68 - 221.916 ms
200 PATCH /user Mon, 17 Nov 2025 07:45:07 GMT 42 - 137.861 ms
200 DELETE /user Mon, 17 Nov 2025 07:45:35 GMT 42 - 119.109 ms
